<?xml version="1.0" encoding="UTF-8"?>
<!-- Generated by org.testng.reporters.JUnitReportReporter -->
<testsuite hostname="DivyashriSS" failures="0" tests="1" name="tests.RegisterTest" time="1.228" errors="0" timestamp="2024-07-23T14:42:41 IST" skipped="0">
  <testcase classname="tests.RegisterTest" name="Registering" time="1.228"/>
</testsuite> <!-- tests.RegisterTest -->
