<?xml version="1.0" encoding="UTF-8"?>
<!-- Generated by org.testng.reporters.JUnitReportReporter -->
<testsuite hostname="DivyashriSS" failures="0" tests="2" name="tests.LoginTest" time="11.113" errors="0" timestamp="2024-07-23T14:42:41 IST" skipped="0">
  <testcase classname="tests.LoginTest" name="Login" time="2.945"/>
  <testcase classname="tests.LoginTest" name="Login" time="8.168"/>
</testsuite> <!-- tests.LoginTest -->
