<?xml version="1.0" encoding="UTF-8"?>
<!-- Generated by org.testng.reporters.JUnitReportReporter -->
<testsuite hostname="DivyashriSS" failures="0" tests="2" name="tests.LoginTest" time="29.132" errors="0" timestamp="2024-07-18T15:24:23 IST" skipped="0">
  <testcase classname="tests.LoginTest" name="Login" time="16.892"/>
  <testcase classname="tests.LoginTest" name="Login" time="12.240"/>
</testsuite> <!-- tests.LoginTest -->
