<?xml version="1.0" encoding="UTF-8"?>
<!-- Generated by org.testng.reporters.JUnitReportReporter -->
<testsuite hostname="DivyashriSS" failures="0" tests="1" name="tests.BuyTest" time="1.766" errors="0" timestamp="2024-07-18T15:24:23 IST" skipped="0">
  <testcase classname="tests.BuyTest" name="buying" time="1.766"/>
</testsuite> <!-- tests.BuyTest -->
